c:\users\simon\desktop\code\fragengine\fragengine\x64\debug\vc145.pdb
c:\users\simon\desktop\code\fragengine\fragengine\x64\debug\glad.obj
c:\users\simon\desktop\code\fragengine\fragengine\x64\debug\physics.obj
c:\users\simon\desktop\code\fragengine\fragengine\x64\debug\uiobject.obj
c:\users\simon\desktop\code\fragengine\fragengine\x64\debug\ui.obj
c:\users\simon\desktop\code\fragengine\fragengine\x64\debug\texture.obj
c:\users\simon\desktop\code\fragengine\fragengine\x64\debug\shader.obj
c:\users\simon\desktop\code\fragengine\fragengine\x64\debug\graphics.obj
c:\users\simon\desktop\code\fragengine\fragengine\x64\debug\main.obj
c:\users\simon\desktop\code\fragengine\fragengine\x64\debug\fragengine.obj
c:\users\simon\desktop\code\fragengine\fragengine\x64\debug\stb_image.obj
c:\users\simon\desktop\code\fragengine\x64\debug\fragengine.exe
c:\users\simon\desktop\code\fragengine\x64\debug\fragengine.pdb
c:\users\simon\desktop\code\fragengine\fragengine\x64\debug\fragengine.ilk
c:\users\simon\desktop\code\fragengine\fragengine\x64\debug\fragengine.tlog\cl.command.1.tlog
c:\users\simon\desktop\code\fragengine\fragengine\x64\debug\fragengine.tlog\cl.items.tlog
c:\users\simon\desktop\code\fragengine\fragengine\x64\debug\fragengine.tlog\cl.read.1.tlog
c:\users\simon\desktop\code\fragengine\fragengine\x64\debug\fragengine.tlog\cl.write.1.tlog
c:\users\simon\desktop\code\fragengine\fragengine\x64\debug\fragengine.tlog\link.command.1.tlog
c:\users\simon\desktop\code\fragengine\fragengine\x64\debug\fragengine.tlog\link.read.1.tlog
c:\users\simon\desktop\code\fragengine\fragengine\x64\debug\fragengine.tlog\link.secondary.1.tlog
c:\users\simon\desktop\code\fragengine\fragengine\x64\debug\fragengine.tlog\link.write.1.tlog
