c:\users\simon\desktop\code\fragment\fragengine\x64\debug\vc145.pdb
c:\users\simon\desktop\code\fragment\fragengine\x64\debug\glad.obj
c:\users\simon\desktop\code\fragment\fragengine\x64\debug\physics.obj
c:\users\simon\desktop\code\fragment\fragengine\x64\debug\ui.obj
c:\users\simon\desktop\code\fragment\fragengine\x64\debug\texture.obj
c:\users\simon\desktop\code\fragment\fragengine\x64\debug\shader.obj
c:\users\simon\desktop\code\fragment\fragengine\x64\debug\renderer.obj
c:\users\simon\desktop\code\fragment\fragengine\x64\debug\graphics.obj
c:\users\simon\desktop\code\fragment\fragengine\x64\debug\fragment.obj
c:\users\simon\desktop\code\fragment\fragengine\x64\debug\stb_image.obj
c:\users\simon\desktop\code\fragment\fragengine\x64\debug\main.obj
c:\users\simon\desktop\code\fragment\fragengine\x64\debug\globalsceneobjectkeyregister.obj
c:\users\simon\desktop\code\fragment\fragengine\x64\debug\sceneobject.obj
c:\users\simon\desktop\code\fragment\fragengine\x64\debug\fragment.ilk
c:\users\simon\desktop\code\fragment\fragengine\x64\debug\uiobject.obj
c:\users\simon\desktop\code\fragment\x64\debug\fragment.pdb
c:\users\simon\desktop\code\fragment\fragengine\x64\debug\fragment.tlog\cl.command.1.tlog
c:\users\simon\desktop\code\fragment\fragengine\x64\debug\fragment.tlog\cl.items.tlog
c:\users\simon\desktop\code\fragment\fragengine\x64\debug\fragment.tlog\cl.read.1.tlog
c:\users\simon\desktop\code\fragment\fragengine\x64\debug\fragment.tlog\cl.write.1.tlog
c:\users\simon\desktop\code\fragment\fragengine\x64\debug\fragment.tlog\link-cvtres.read.1.tlog
c:\users\simon\desktop\code\fragment\fragengine\x64\debug\fragment.tlog\link-cvtres.write.1.tlog
c:\users\simon\desktop\code\fragment\fragengine\x64\debug\fragment.tlog\link-rc.read.1.tlog
c:\users\simon\desktop\code\fragment\fragengine\x64\debug\fragment.tlog\link-rc.write.1.tlog
c:\users\simon\desktop\code\fragment\fragengine\x64\debug\fragment.tlog\link.2440-cvtres.read.1.tlog
c:\users\simon\desktop\code\fragment\fragengine\x64\debug\fragment.tlog\link.2440-cvtres.write.1.tlog
c:\users\simon\desktop\code\fragment\fragengine\x64\debug\fragment.tlog\link.2440-rc.read.1.tlog
c:\users\simon\desktop\code\fragment\fragengine\x64\debug\fragment.tlog\link.2440-rc.write.1.tlog
c:\users\simon\desktop\code\fragment\fragengine\x64\debug\fragment.tlog\link.2440.read.1.tlog
c:\users\simon\desktop\code\fragment\fragengine\x64\debug\fragment.tlog\link.2440.read.2.tlog
c:\users\simon\desktop\code\fragment\fragengine\x64\debug\fragment.tlog\link.2440.write.1.tlog
c:\users\simon\desktop\code\fragment\fragengine\x64\debug\fragment.tlog\link.command.1.tlog
c:\users\simon\desktop\code\fragment\fragengine\x64\debug\fragment.tlog\link.read.1.tlog
c:\users\simon\desktop\code\fragment\fragengine\x64\debug\fragment.tlog\link.read.2.tlog
c:\users\simon\desktop\code\fragment\fragengine\x64\debug\fragment.tlog\link.secondary.1.tlog
c:\users\simon\desktop\code\fragment\fragengine\x64\debug\fragment.tlog\link.write.1.tlog
