C:\Program Files\Microsoft Visual Studio\18\Insiders\MSBuild\Microsoft\VC\v180\Microsoft.CppBuild.targets(551,5): warning MSB8028: The intermediate directory (x64\Debug\) contains files shared from another project (FragEngine.vcxproj).  This can lead to incorrect clean and rebuild behavior.
  Fragment.cpp
C:\Users\simon\Desktop\Code\Fragment\FragEngine\source\modules\Graphics\Window.h(69,21): warning C4244: 'return': conversion from 'int' to 'float', possible loss of data
  (compiling source file 'source/core/Fragment.cpp')
  
C:\Users\simon\Desktop\Code\Fragment\FragEngine\source\modules\Graphics\UI\Font.h(81,13): warning C4244: 'argument': conversion from 'int' to 'float', possible loss of data
  (compiling source file 'source/core/Fragment.cpp')
  
C:\Users\simon\Desktop\Code\Fragment\FragEngine\source\modules\Graphics\UI\Text.h(88,27): warning C4244: 'initializing': conversion from 'int' to 'float', possible loss of data
  (compiling source file 'source/core/Fragment.cpp')
  
  main.cpp
C:\Users\simon\Desktop\Code\Fragment\FragEngine\source\modules\Graphics\Window.h(69,21): warning C4244: 'return': conversion from 'int' to 'float', possible loss of data
  (compiling source file 'source/main.cpp')
  
C:\Users\simon\Desktop\Code\Fragment\FragEngine\source\modules\Graphics\UI\Font.h(81,13): warning C4244: 'argument': conversion from 'int' to 'float', possible loss of data
  (compiling source file 'source/main.cpp')
  
C:\Users\simon\Desktop\Code\Fragment\FragEngine\source\modules\Graphics\UI\Text.h(88,27): warning C4244: 'initializing': conversion from 'int' to 'float', possible loss of data
  (compiling source file 'source/main.cpp')
  
C:\Users\simon\Desktop\Code\Fragment\FragEngine\source\main.cpp(527,37): warning C4305: 'argument': truncation from 'double' to 'T'
C:\Users\simon\Desktop\Code\Fragment\FragEngine\source\main.cpp(527,37): warning C4305:         with
C:\Users\simon\Desktop\Code\Fragment\FragEngine\source\main.cpp(527,37): warning C4305:         [
C:\Users\simon\Desktop\Code\Fragment\FragEngine\source\main.cpp(527,37): warning C4305:             T=float
C:\Users\simon\Desktop\Code\Fragment\FragEngine\source\main.cpp(527,37): warning C4305:         ]
  Renderer.cpp
C:\Users\simon\Desktop\Code\Fragment\FragEngine\source\modules\Graphics\Window.h(69,21): warning C4244: 'return': conversion from 'int' to 'float', possible loss of data
  (compiling source file 'source/modules/Graphics/Renderer.cpp')
  
C:\Users\simon\Desktop\Code\Fragment\FragEngine\source\modules\Graphics\Renderer.cpp(205,47): warning C4267: 'argument': conversion from 'size_t' to 'int', possible loss of data
  Physics.cpp
  Generating Code...
LINK : warning LNK4098: defaultlib 'MSVCRT' conflicts with use of other libs; use /NODEFAULTLIB:library
  FragEngine.vcxproj -> C:\Users\simon\Desktop\Code\Fragment\x64\Debug\Fragment.exe
